<?xml version="1.0" encoding="UTF-8"?>
<!-- Generated by org.testng.reporters.JUnitReportReporter -->
<testsuite skipped="0" hostname="HP-PC" name="parallelTesting.ParrelelTest1" tests="3" failures="0" timestamp="2021-11-30T14:23:03 IST" time="15.155" errors="0">
  <testcase name="login" time="6.901" classname="parallelTesting.ParrelelTest1"/>
  <system-out/>
  <testcase name="tearUp" time="0.625" classname="parallelTesting.ParrelelTest1"/>
  <system-out/>
  <testcase name="logoTest1" time="7.629" classname="parallelTesting.ParrelelTest1"/>
  <system-out/>
</testsuite> <!-- parallelTesting.ParrelelTest1 -->
