<?xml version="1.0" encoding="UTF-8"?>
<!-- Generated by org.testng.reporters.JUnitReportReporter -->
<testsuite skipped="0" hostname="HP-PC" name="parallelTesting.ParellelTest2" tests="3" failures="0" timestamp="2021-11-29T16:38:04 IST" time="35.389" errors="0">
  <testcase name="validate" time="0.026" classname="parallelTesting.ParellelTest2"/>
  <system-out/>
  <testcase name="setUp" time="21.472" classname="parallelTesting.ParellelTest2"/>
  <system-out/>
  <testcase name="logoTest" time="13.891" classname="parallelTesting.ParellelTest2"/>
  <system-out/>
</testsuite> <!-- parallelTesting.ParellelTest2 -->
