<?xml version="1.0" encoding="UTF-8"?>
<!-- Generated by org.testng.reporters.JUnitReportReporter -->
<testsuite skipped="0" hostname="HP-PC" name="Tc1.AssertionsTestng" tests="4" failures="0" timestamp="2021-11-29T15:04:12 IST" time="15.372" errors="0">
  <testcase name="validate" time="0.024" classname="Tc1.AssertionsTestng"/>
  <system-out/>
  <testcase name="validate" time="0.017" classname="Tc1.AssertionsTestng"/>
  <system-out/>
  <testcase name="logoTest" time="3.878" classname="Tc1.AssertionsTestng"/>
  <system-out/>
  <testcase name="logoTest" time="11.453" classname="Tc1.AssertionsTestng"/>
  <system-out/>
</testsuite> <!-- Tc1.AssertionsTestng -->
