<?xml version="1.0" encoding="UTF-8"?>
<!-- Generated by org.testng.reporters.JUnitReportReporter -->
<testsuite skipped="0" hostname="HP-PC" name="log.Logs" tests="3" failures="0" timestamp="2021-12-14T17:08:23 IST" time="0.193" errors="0">
  <testcase name="test" time="0.026" classname="log.Logs"/>
  <system-out/>
  <testcase name="test1" time="0.007" classname="log.Logs"/>
  <system-out/>
  <testcase name="closeTest" time="0.160" classname="log.Logs"/>
  <system-out/>
</testsuite> <!-- log.Logs -->
