<?xml version="1.0" encoding="UTF-8"?>
<!-- Generated by org.testng.reporters.JUnitReportReporter -->
<testsuite skipped="0" hostname="HP-PC" name="Tc1.Tc1" tests="2" failures="0" timestamp="2021-11-29T10:05:33 IST" time="0.016" errors="0">
  <testcase name="tc2" time="0.004" classname="Tc1.Tc1"/>
  <system-out/>
  <testcase name="tc1" time="0.012" classname="Tc1.Tc1"/>
  <system-out/>
</testsuite> <!-- Tc1.Tc1 -->
