<?xml version="1.0" encoding="UTF-8"?>
<!-- Generated by org.testng.reporters.JUnitReportReporter -->
<testsuite skipped="1" hostname="HP-PC" name="testng.FirstTestCase" tests="3" failures="0" timestamp="2021-11-29T11:31:34 IST" time="0.024" errors="0">
  <testcase name="setup" time="0.017" classname="testng.FirstTestCase"/>
  <system-out/>
  <testcase name="loginTest" time="0.007" classname="testng.FirstTestCase"/>
  <system-out/>
  <testcase name="tearup" classname="testng.FirstTestCase">
    <skipped/>
  </testcase> <!-- tearup -->
  <system-out/>
</testsuite> <!-- testng.FirstTestCase -->
