<?xml version="1.0" encoding="UTF-8"?>
<!-- Generated by org.testng.reporters.JUnitReportReporter -->
<testsuite skipped="0" hostname="HP-PC" name="testng.SecondTestCase" tests="3" failures="0" timestamp="2021-11-29T09:39:30 IST" time="0.007" errors="0">
  <testcase name="setup" time="0.002" classname="testng.SecondTestCase"/>
  <system-out/>
  <testcase name="enterUsername" time="0.003" classname="testng.SecondTestCase"/>
  <system-out/>
  <testcase name="tearup" time="0.002" classname="testng.SecondTestCase"/>
  <system-out/>
</testsuite> <!-- testng.SecondTestCase -->
