<?xml version="1.0" encoding="UTF-8"?>
<!-- Generated by org.testng.reporters.JUnitReportReporter -->
<testsuite skipped="0" hostname="HP-PC" name="Tc1.Tc2" tests="2" failures="0" timestamp="2021-11-29T10:09:32 IST" time="0.015" errors="0">
  <testcase name="tc4" time="0.002" classname="Tc1.Tc2"/>
  <system-out/>
  <testcase name="tc3" time="0.013" classname="Tc1.Tc2"/>
  <system-out/>
</testsuite> <!-- Tc1.Tc2 -->
