<?xml version="1.0" encoding="UTF-8"?>
<!-- Generated by org.testng.reporters.JUnitReportReporter -->
<testsuite skipped="0" hostname="HP-PC" name="Tc1.FirtstClass" tests="2" failures="0" timestamp="2021-11-29T11:21:51 IST" time="0.025" errors="0">
  <testcase name="tc2" time="0.010" classname="Tc1.FirtstClass"/>
  <system-out/>
  <testcase name="tc1" time="0.015" classname="Tc1.FirtstClass"/>
  <system-out/>
</testsuite> <!-- Tc1.FirtstClass -->
