<?xml version="1.0" encoding="UTF-8"?>
<!-- Generated by org.testng.reporters.JUnitReportReporter -->
<testsuite skipped="1" hostname="HP-PC" name="Listener1.Practice" tests="3" failures="0" timestamp="2021-12-05T10:43:55 IST" time="9.052" errors="0">
  <testcase name="setup" time="8.406" classname="Listener1.Practice"/>
  <system-out/>
  <testcase name="tearUp" time="0.646" classname="Listener1.Practice"/>
  <system-out/>
  <testcase name="validation" classname="Listener1.Practice">
    <skipped/>
  </testcase> <!-- validation -->
  <system-out/>
</testsuite> <!-- Listener1.Practice -->
