<?xml version="1.0" encoding="UTF-8"?>
<!-- Generated by org.testng.reporters.JUnitReportReporter -->
<testsuite skipped="0" hostname="HP-PC" name="Tc1.DataProviderEX" tests="2" failures="0" timestamp="2021-11-29T15:31:10 IST" time="0.013" errors="0">
  <testcase name="loginR" time="0.010" classname="Tc1.DataProviderEX"/>
  <system-out/>
  <testcase name="loginR" time="0.003" classname="Tc1.DataProviderEX"/>
  <system-out/>
</testsuite> <!-- Tc1.DataProviderEX -->
