<?xml version="1.0" encoding="UTF-8"?>
<!-- Generated by org.testng.reporters.JUnitReportReporter -->
<testsuite skipped="0" hostname="HP-PC" name="Tc1.GroupingTest" tests="3" failures="0" timestamp="2021-11-29T12:19:58 IST" time="0.019" errors="0">
  <testcase name="test1" time="0.014" classname="Tc1.GroupingTest"/>
  <system-out/>
  <testcase name="test5" time="0.002" classname="Tc1.GroupingTest"/>
  <system-out/>
  <testcase name="test2" time="0.003" classname="Tc1.GroupingTest"/>
  <system-out/>
</testsuite> <!-- Tc1.GroupingTest -->
