<?xml version="1.0" encoding="UTF-8"?>
<!-- Generated by org.testng.reporters.JUnitReportReporter -->
<testsuite skipped="0" hostname="HP-PC" name="Tc1.SecondClass" tests="2" failures="0" timestamp="2021-11-29T11:21:51 IST" time="0.009" errors="0">
  <testcase name="tc4" time="0.004" classname="Tc1.SecondClass"/>
  <system-out/>
  <testcase name="tc3" time="0.005" classname="Tc1.SecondClass"/>
  <system-out/>
</testsuite> <!-- Tc1.SecondClass -->
